Using pre-set license
Built from '2020.3/staging' branch; Version is '2020.3.14f1 (d0d1bb862f9d) revision 13685179'; Using compiler version '192528614'; Build Type 'Release'
OS: 'Windows 10 Home; OS build 19042.1052; Version 2009; 64bit' Language: 'en' Physical Memory: 32689 MB
BatchMode: 1, IsHumanControllingUs: 0, StartBugReporterOnCrash: 0, Is64bit: 1, IsPro: 0

 COMMAND LINE ARGUMENTS:
C:\Program Files\Unity\Hub\Editor\2020.3.14f1\Editor\Unity.exe
-adb2
-batchMode
-noUpm
-name
AssetImportWorker0
-projectPath
C:/creative/gamedev/unity/2021/GDCUnityStack2021/GDC2021MegaPack
-logFile
Logs/AssetImportWorker0.log
-srvPort
53772
Successfully changed project path to: C:/creative/gamedev/unity/2021/GDCUnityStack2021/GDC2021MegaPack
C:/creative/gamedev/unity/2021/GDCUnityStack2021/GDC2021MegaPack
Using Asset Import Pipeline V2.
Refreshing native plugins compatible for Editor in 80.20 ms, found 2 plugins.
Preloading 0 native plugins for Editor in 0.00 ms.
Initialize engine version: 2020.3.14f1 (d0d1bb862f9d)
[Subsystems] Discovering subsystems at path C:/Program Files/Unity/Hub/Editor/2020.3.14f1/Editor/Data/Resources/UnitySubsystems
[Subsystems] Discovering subsystems at path C:/creative/gamedev/unity/2021/GDCUnityStack2021/GDC2021MegaPack/Assets
GfxDevice: creating device client; threaded=0
Direct3D:
    Version:  Direct3D 11.0 [level 11.1]
    Renderer: NVIDIA GeForce RTX 2080 with Max-Q Design (ID=0x1ed0)
    Vendor:   
    VRAM:     8010 MB
    Driver:   27.21.14.6627
Shader 'Universal Render Pipeline/Particles/Lit': fallback shader 'Universal Render Pipeline/Particles/SimpleLit' not found
Initialize mono
Mono path[0] = 'C:/Program Files/Unity/Hub/Editor/2020.3.14f1/Editor/Data/Managed'
Mono path[1] = 'C:/Program Files/Unity/Hub/Editor/2020.3.14f1/Editor/Data/MonoBleedingEdge/lib/mono/unityjit'
Mono config path = 'C:/Program Files/Unity/Hub/Editor/2020.3.14f1/Editor/Data/MonoBleedingEdge/etc'
Using monoOptions --debugger-agent=transport=dt_socket,embedding=1,server=y,suspend=n,address=127.0.0.1:56016
Begin MonoManager ReloadAssembly
Registering precompiled unity dll's ...
Register platform support module: C:/Program Files/Unity/Hub/Editor/2020.3.14f1/Editor/Data/PlaybackEngines/WebGLSupport/UnityEditor.WebGL.Extensions.dll
Register platform support module: C:/Program Files/Unity/Hub/Editor/2020.3.14f1/Editor/Data/PlaybackEngines/WindowsStandaloneSupport/UnityEditor.WindowsStandalone.Extensions.dll
Registered in 0.002361 seconds.
Native extension for WindowsStandalone target not found
Native extension for WebGL target not found
Refreshing native plugins compatible for Editor in 62.86 ms, found 2 plugins.
Preloading 0 native plugins for Editor in 0.00 ms.
Mono: successfully reloaded assembly
- Completed reload, in  1.237 seconds
Domain Reload Profiling:
	ReloadAssembly (1237ms)
		BeginReloadAssembly (56ms)
			ExecutionOrderSort (0ms)
			DisableScriptedObjects (0ms)
			BackupInstance (0ms)
			ReleaseScriptingObjects (0ms)
			CreateAndSetChildDomain (1ms)
		EndReloadAssembly (436ms)
			LoadAssemblies (54ms)
			RebuildTransferFunctionScriptingTraits (0ms)
			SetupTypeCache (147ms)
			ReleaseScriptCaches (0ms)
			RebuildScriptCaches (32ms)
			SetupLoadedEditorAssemblies (184ms)
				LogAssemblyErrors (0ms)
				InitializePlatformSupportModulesInManaged (4ms)
				SetLoadedEditorAssemblies (0ms)
				RefreshPlugins (63ms)
				BeforeProcessingInitializeOnLoad (11ms)
				ProcessInitializeOnLoadAttributes (79ms)
				ProcessInitializeOnLoadMethodAttributes (26ms)
				AfterProcessingInitializeOnLoad (0ms)
				EditorAssembliesLoaded (0ms)
			ExecutionOrderSort2 (0ms)
			AwakeInstancesAfterBackupRestoration (0ms)
Platform modules already initialized, skipping
Registering precompiled user dll's ...
Registered in 0.005094 seconds.
Begin MonoManager ReloadAssembly
Native extension for WindowsStandalone target not found
Native extension for WebGL target not found
Refreshing native plugins compatible for Editor in 62.76 ms, found 2 plugins.
Preloading 0 native plugins for Editor in 0.00 ms.
Mono: successfully reloaded assembly
- Completed reload, in  1.305 seconds
Domain Reload Profiling:
	ReloadAssembly (1305ms)
		BeginReloadAssembly (149ms)
			ExecutionOrderSort (0ms)
			DisableScriptedObjects (6ms)
			BackupInstance (0ms)
			ReleaseScriptingObjects (0ms)
			CreateAndSetChildDomain (19ms)
		EndReloadAssembly (1094ms)
			LoadAssemblies (96ms)
			RebuildTransferFunctionScriptingTraits (0ms)
			SetupTypeCache (357ms)
			ReleaseScriptCaches (1ms)
			RebuildScriptCaches (79ms)
			SetupLoadedEditorAssemblies (436ms)
				LogAssemblyErrors (0ms)
				InitializePlatformSupportModulesInManaged (4ms)
				SetLoadedEditorAssemblies (0ms)
				RefreshPlugins (63ms)
				BeforeProcessingInitializeOnLoad (117ms)
				ProcessInitializeOnLoadAttributes (235ms)
				ProcessInitializeOnLoadMethodAttributes (10ms)
				AfterProcessingInitializeOnLoad (7ms)
				EditorAssembliesLoaded (0ms)
			ExecutionOrderSort2 (0ms)
			AwakeInstancesAfterBackupRestoration (6ms)
Platform modules already initialized, skipping
========================================================================
Worker process is ready to serve import requests
Shader 'Universal Render Pipeline/Particles/Lit': fallback shader 'Universal Render Pipeline/Particles/SimpleLit' not found
Launched and connected shader compiler UnityShaderCompiler.exe after 0.06 seconds
Refreshing native plugins compatible for Editor in 1.23 ms, found 2 plugins.
Preloading 0 native plugins for Editor in 0.00 ms.
Unloading 3982 Unused Serialized files (Serialized files now loaded: 0)
System memory in use before: 168.6 MB.
System memory in use after: 168.8 MB.

Unloading 22 unused Assets to reduce memory usage. Loaded Objects now: 4419.
Total: 3.805700 ms (FindLiveObjects: 0.461800 ms CreateObjectMapping: 0.455300 ms MarkObjects: 2.742900 ms  DeleteObjects: 0.144400 ms)

AssetImportParameters requested are different than current active one (requested -> active):
  custom:framework-win-MediaFoundation: 216162199b28c13a410421893ffa2e32 -> 
  custom:video-decoder-ogg-theora: a1e56fd34408186e4bbccfd4996cb3dc -> 
  custom:container-muxer-webm: aa71ff27fc2769a1b78a27578f13a17b -> 
  custom:container-demuxer-webm: 4f35f7cbe854078d1ac9338744f61a02 -> 
  custom:container-demuxer-ogg: 62fdf1f143b41e24485cea50d1cbac27 -> 
  custom:video-encoder-webm-vp8: eb34c28f22e8b96e1ab97ce403110664 -> 
  custom:video-decoder-webm-vp8: 9c59270c3fd7afecdb556c50c9e8de78 -> 
  custom:audio-decoder-ogg-vorbis: bf7c407c2cedff20999df2af8eb42d56 -> 
  custom:audio-encoder-webm-vorbis: bf7c407c2cedff20999df2af8eb42d56 -> 
========================================================================
Received Import Request.
  path: Assets
  artifactKey: Guid(00000000000000001000000000000000) Importer(815301076,1909f56bfc062723c751e8b465ee728b)
Start importing Assets using Guid(00000000000000001000000000000000) Importer(815301076,1909f56bfc062723c751e8b465ee728b)  -> (artifact id: '42d402b061de3733987d63b9cc3b64de') in 0.010949 seconds 
  Import took 0.016658 seconds .

========================================================================
Received Import Request.
  Time since last request: 6.653697 seconds.
  path: Assets/ree.vfx
  artifactKey: Guid(7451b8130862e6b4ebfff85d649cefc1) Importer(815301076,1909f56bfc062723c751e8b465ee728b)
Start importing Assets/ree.vfx using Guid(7451b8130862e6b4ebfff85d649cefc1) Importer(815301076,1909f56bfc062723c751e8b465ee728b)  -> (artifact id: '39fedbdb8b75442a3767c32c6c7fbb6f') in 0.044743 seconds 
  Import took 0.050303 seconds .

========================================================================
Received Import Request.
  Time since last request: 9.305697 seconds.
  path: Assets/ree.vfx
  artifactKey: Guid(7451b8130862e6b4ebfff85d649cefc1) Importer(815301076,1909f56bfc062723c751e8b465ee728b)
Start importing Assets/ree.vfx using Guid(7451b8130862e6b4ebfff85d649cefc1) Importer(815301076,1909f56bfc062723c751e8b465ee728b)  -> (artifact id: '9b920f997ca4237a4c9eb09f325117b9') in 0.004223 seconds 
  Import took 0.010420 seconds .

========================================================================
Received Import Request.
  Time since last request: 0.383483 seconds.
  path: Assets/ree.vfx
  artifactKey: Guid(7451b8130862e6b4ebfff85d649cefc1) Importer(815301076,1909f56bfc062723c751e8b465ee728b)
Start importing Assets/ree.vfx using Guid(7451b8130862e6b4ebfff85d649cefc1) Importer(815301076,1909f56bfc062723c751e8b465ee728b)  -> (artifact id: '9b920f997ca4237a4c9eb09f325117b9') in 0.003876 seconds 
  Import took 0.009588 seconds .

========================================================================
Received Import Request.
  Time since last request: 5.809184 seconds.
  path: Assets/ree.vfx
  artifactKey: Guid(7451b8130862e6b4ebfff85d649cefc1) Importer(815301076,1909f56bfc062723c751e8b465ee728b)
Start importing Assets/ree.vfx using Guid(7451b8130862e6b4ebfff85d649cefc1) Importer(815301076,1909f56bfc062723c751e8b465ee728b)  -> (artifact id: 'a90c6dfa6d007c4da862e31a93975593') in 0.006076 seconds 
  Import took 0.014439 seconds .

========================================================================
Received Import Request.
  Time since last request: 25.823959 seconds.
  path: Assets/ree.vfx
  artifactKey: Guid(7451b8130862e6b4ebfff85d649cefc1) Importer(815301076,1909f56bfc062723c751e8b465ee728b)
Start importing Assets/ree.vfx using Guid(7451b8130862e6b4ebfff85d649cefc1) Importer(815301076,1909f56bfc062723c751e8b465ee728b)  -> (artifact id: '21c038561fbfef45ab997d6ef1be01ee') in 0.004310 seconds 
  Import took 0.011279 seconds .

========================================================================
Received Import Request.
  Time since last request: 9.098487 seconds.
  path: Assets/ree.vfx
  artifactKey: Guid(7451b8130862e6b4ebfff85d649cefc1) Importer(815301076,1909f56bfc062723c751e8b465ee728b)
Start importing Assets/ree.vfx using Guid(7451b8130862e6b4ebfff85d649cefc1) Importer(815301076,1909f56bfc062723c751e8b465ee728b)  -> (artifact id: '2be5db9815491ddc10badbcfe888cb34') in 0.004495 seconds 
  Import took 0.012420 seconds .

========================================================================
Received Import Request.
  Time since last request: 11.267678 seconds.
  path: Assets/ree.vfx
  artifactKey: Guid(7451b8130862e6b4ebfff85d649cefc1) Importer(815301076,1909f56bfc062723c751e8b465ee728b)
Start importing Assets/ree.vfx using Guid(7451b8130862e6b4ebfff85d649cefc1) Importer(815301076,1909f56bfc062723c751e8b465ee728b)  -> (artifact id: 'ec8a709945efaa97361f25d8813d9aa7') in 0.003877 seconds 
  Import took 0.010993 seconds .

========================================================================
Received Import Request.
  Time since last request: 14.509274 seconds.
  path: Assets/ree.vfx
  artifactKey: Guid(7451b8130862e6b4ebfff85d649cefc1) Importer(815301076,1909f56bfc062723c751e8b465ee728b)
Start importing Assets/ree.vfx using Guid(7451b8130862e6b4ebfff85d649cefc1) Importer(815301076,1909f56bfc062723c751e8b465ee728b)  -> (artifact id: '96f5ffcd55b5cead903a8791947a81ba') in 0.004063 seconds 
  Import took 0.010010 seconds .

========================================================================
Received Import Request.
  Time since last request: 40.734879 seconds.
  path: Assets/ree.vfx
  artifactKey: Guid(7451b8130862e6b4ebfff85d649cefc1) Importer(815301076,1909f56bfc062723c751e8b465ee728b)
Start importing Assets/ree.vfx using Guid(7451b8130862e6b4ebfff85d649cefc1) Importer(815301076,1909f56bfc062723c751e8b465ee728b)  -> (artifact id: '16cefadb6e59d79cdc9f171db6625ed2') in 0.004016 seconds 
  Import took 0.010793 seconds .

========================================================================
Received Import Request.
  Time since last request: 0.008973 seconds.
  path: Assets/ree.vfx
  artifactKey: Guid(7451b8130862e6b4ebfff85d649cefc1) Importer(815301076,1909f56bfc062723c751e8b465ee728b)
Start importing Assets/ree.vfx using Guid(7451b8130862e6b4ebfff85d649cefc1) Importer(815301076,1909f56bfc062723c751e8b465ee728b)  -> (artifact id: '16cefadb6e59d79cdc9f171db6625ed2') in 0.004072 seconds 
  Import took 0.010594 seconds .

========================================================================
Received Import Request.
  Time since last request: 4.860076 seconds.
  path: Assets/ree.vfx
  artifactKey: Guid(7451b8130862e6b4ebfff85d649cefc1) Importer(815301076,1909f56bfc062723c751e8b465ee728b)
Start importing Assets/ree.vfx using Guid(7451b8130862e6b4ebfff85d649cefc1) Importer(815301076,1909f56bfc062723c751e8b465ee728b)  -> (artifact id: '2bf2201a0642ad73f0e3b4582629c0c8') in 0.003895 seconds 
  Import took 0.009850 seconds .

========================================================================
Received Import Request.
  Time since last request: 0.016971 seconds.
  path: Assets/ree.vfx
  artifactKey: Guid(7451b8130862e6b4ebfff85d649cefc1) Importer(815301076,1909f56bfc062723c751e8b465ee728b)
Start importing Assets/ree.vfx using Guid(7451b8130862e6b4ebfff85d649cefc1) Importer(815301076,1909f56bfc062723c751e8b465ee728b)  -> (artifact id: '2bf2201a0642ad73f0e3b4582629c0c8') in 0.003935 seconds 
  Import took 0.009920 seconds .

========================================================================
Received Import Request.
  Time since last request: 18.535809 seconds.
  path: Assets/ree.vfx
  artifactKey: Guid(7451b8130862e6b4ebfff85d649cefc1) Importer(815301076,1909f56bfc062723c751e8b465ee728b)
Start importing Assets/ree.vfx using Guid(7451b8130862e6b4ebfff85d649cefc1) Importer(815301076,1909f56bfc062723c751e8b465ee728b)  -> (artifact id: 'eb99c973916a6ea2f4fee878247ad755') in 0.005018 seconds 
  Import took 0.011206 seconds .

AssetImportWorkerClient::OnTransportError - code=2 error=End of file
